 
****************************************
Report : area
Design : SYS_TOP
Version: K-2015.06
Date   : Wed Sep 24 21:09:57 2025
****************************************

Library(s) Used:

    scmetro_tsmc_cl013g_rvt_ss_1p08v_125c (File: /home/IC/tsmc_fb_cl013g_sc/aci/sc-m/synopsys/scmetro_tsmc_cl013g_rvt_ss_1p08v_125c.db)

Number of ports:                          771
Number of nets:                          2656
Number of cells:                         1865
Number of combinational cells:           1445
Number of sequential cells:               382
Number of macros/black boxes:               0
Number of buf/inv:                        244
Number of references:                      16

Combinational area:              13572.058037
Buf/Inv area:                      927.239619
Noncombinational area:            9386.535784
Macro/Black Box area:                0.000000
Net Interconnect area:      undefined  (No wire load specified)

Total cell area:                 22958.593821
Total area:                 undefined

Hierarchical area distribution
------------------------------

                                  Global cell area            Local cell area
                                  -------------------  ----------------------------- 
Hierarchical cell                 Absolute    Percent  Combi-      Noncombi-  Black-
                                  Total       Total    national    national   boxes   Design
--------------------------------  ----------  -------  ----------  ---------  ------  --------------------------------
SYS_TOP                           22958.5938    100.0     29.4175     0.0000  0.0000  SYS_TOP
U0_ClkDiv                           740.1443      3.2    415.3751   232.9866  0.0000  ClkDiv_0
U0_ClkDiv/add_46                     91.7826      0.4     91.7826     0.0000  0.0000  ClkDiv_0_DW01_inc_0
U0_RST_SYNC                          51.7748      0.2      0.0000    51.7748  0.0000  RST_SYNC_NUM_STAGES2_0
U1_ClkDiv                           740.1443      3.2    415.3751   232.9866  0.0000  ClkDiv_1
U1_ClkDiv/add_46                     91.7826      0.4     91.7826     0.0000  0.0000  ClkDiv_1_DW01_inc_0
U1_RST_SYNC                          51.7748      0.2      0.0000    51.7748  0.0000  RST_SYNC_NUM_STAGES2_1
U_ALU                              5551.6706     24.2   1023.7290   440.0858  0.0000  ALU
U_ALU/add_43                        231.8099      1.0    231.8099     0.0000  0.0000  ALU_DW01_add_0
U_ALU/div_52                       1434.3973      6.2   1434.3973     0.0000  0.0000  ALU_DW_div_uns_0
U_ALU/mult_49                      2155.7144      9.4   1914.4909     0.0000  0.0000  ALU_DW02_mult_0
U_ALU/mult_49/FS_1                  241.2235      1.1    241.2235     0.0000  0.0000  ALU_DW01_add_1
U_ALU/sub_46                        265.9342      1.2    265.9342     0.0000  0.0000  ALU_DW01_sub_0
U_CLKDIV_MUX                         88.2525      0.4     88.2525     0.0000  0.0000  ClkDiv_MUX
U_CLK_GATE                           40.0078      0.2      0.0000    40.0078  0.0000  CLK_GATE
U_PULSE_GEN                          57.6583      0.3      5.8835    51.7748  0.0000  PULSE_GEN
U_RegFile                          6085.8924     26.5   2539.3187  3546.5738  0.0000  Register_File
U_SYS_CTRL                         1048.4397      4.6    634.2413   414.1984  0.0000  SYS_CTRL
U_UART                             3981.9528     17.3      7.0602     0.0000  0.0000  UART_TOP
U_UART/U_UART_RX                   3134.7288     13.7      8.2369     0.0000  0.0000  UART_RX_DATA_WIDTH8
U_UART/U_UART_RX/U_deserializer     983.7212      4.3    465.9732   517.7480  0.0000  deserializer_DATA_WIDTH8
U_UART/U_UART_RX/U_edge_bit_counter
                                    624.8277      2.7    364.7770   260.0507  0.0000  edge_bit_counter
U_UART/U_UART_RX/U_parity_check     136.4972      0.6    110.6098    25.8874  0.0000  Parity_Check_DATA_WIDTH8
U_UART/U_UART_RX/U_rx_fsm           753.0880      3.3    675.4258    77.6622  0.0000  RX_FSM
U_UART/U_UART_RX/U_sampling         553.0490      2.4    449.4994   103.5496  0.0000  data_sampling
U_UART/U_UART_RX/U_start_check       37.6544      0.2     11.7670    25.8874  0.0000  Start_Check
U_UART/U_UART_RX/U_stop_check        37.6544      0.2     11.7670    25.8874  0.0000  Stop_Check
U_UART/U_UART_TX                    840.1638      3.7      0.0000     0.0000  0.0000  UART_TX_DATA_WIDTH8
U_UART/U_UART_TX/U_parity_calc      127.0836      0.6    101.1962    25.8874  0.0000  parity_calc_DATA_WIDTH8
U_UART/U_UART_TX/U_serializer       477.7402      2.1    192.9788   284.7614  0.0000  serializer_DATA_WIDTH8
U_UART/U_UART_TX/U_tx_fsm           182.3885      0.8     78.8389   103.5496  0.0000  TX_FSM
U_UART/U_UART_TX/U_tx_mux            52.9515      0.2     27.0641    25.8874  0.0000  TX_MUX
U_UART_FIFO                        4096.0927     17.8      7.0602     0.0000  0.0000  ASYNC_FIFO_DATA_WIDTH8
U_UART_FIFO/U_mem                  2891.1519     12.6   1234.3583  1656.7936  0.0000  FIFO_MEMORY_DATA_WIDTH8
U_UART_FIFO/U_r2w                   207.0992      0.9      0.0000   207.0992  0.0000  SYNC_R2W
U_UART_FIFO/U_rptr                  391.8411      1.7    158.8545   232.9866  0.0000  RPTR_EMPTY
U_UART_FIFO/U_w2r                   207.0992      0.9      0.0000   207.0992  0.0000  SYNC_W2R
U_UART_FIFO/U_wptr                  391.8411      1.7    158.8545   232.9866  0.0000  WPTR_FULL
U_ref_sync                          395.3712      1.7     84.7224   310.6488  0.0000  DATA_SYNC_NUM_STAGES2_BUS_WIDTH8
--------------------------------  ----------  -------  ----------  ---------  ------  --------------------------------
Total                                                  13572.0580  9386.5358  0.0000

1
