 
****************************************
Report : timing
        -path full
        -delay min
        -max_paths 1
Design : SYS_TOP
Version: K-2015.06
Date   : Wed Sep 24 21:09:58 2025
****************************************

Operating Conditions: scmetro_tsmc_cl013g_rvt_ff_1p32v_m40c   Library: scmetro_tsmc_cl013g_rvt_ff_1p32v_m40c
Wire Load Model Mode: top

  Startpoint: U_SYS_CTRL/current_state_reg[1]
              (rising edge-triggered flip-flop clocked by REF_CLK)
  Endpoint: U_ALU/OUT_VALID_reg
            (rising edge-triggered flip-flop clocked by ALU_CLK)
  Path Group: ALU_CLK
  Path Type: min

  Point                                                   Incr       Path
  --------------------------------------------------------------------------
  clock REF_CLK (rise edge)                               0.00       0.00
  clock network delay (ideal)                             0.00       0.00
  U_SYS_CTRL/current_state_reg[1]/CK (DFFRQX2M)           0.00       0.00 r
  U_SYS_CTRL/current_state_reg[1]/Q (DFFRQX2M)            0.40       0.40 r
  U_SYS_CTRL/U46/Y (NOR2X2M)                              0.08       0.47 f
  U_SYS_CTRL/U56/Y (NAND3X2M)                             0.15       0.63 r
  U_SYS_CTRL/U37/Y (NAND2X2M)                             0.12       0.75 f
  U_SYS_CTRL/ALU_EN (SYS_CTRL)                            0.00       0.75 f
  U_ALU/Enable (ALU)                                      0.00       0.75 f
  U_ALU/OUT_VALID_reg/D (DFFRQX2M)                        0.00       0.75 f
  data arrival time                                                  0.75

  clock ALU_CLK (rise edge)                               0.00       0.00
  clock network delay (ideal)                             0.00       0.00
  clock uncertainty                                       0.10       0.10
  U_ALU/OUT_VALID_reg/CK (DFFRQX2M)                       0.00       0.10 r
  library hold time                                      -0.04       0.06
  data required time                                                 0.06
  --------------------------------------------------------------------------
  data required time                                                 0.06
  data arrival time                                                 -0.75
  --------------------------------------------------------------------------
  slack (MET)                                                        0.68


  Startpoint: U1_RST_SYNC/sync_reg_reg[0]/CK
              (internal path startpoint clocked by REF_CLK)
  Endpoint: U1_RST_SYNC/sync_reg_reg[1]
            (rising edge-triggered flip-flop clocked by REF_CLK)
  Path Group: REF_CLK
  Path Type: min

  Point                                                   Incr       Path
  --------------------------------------------------------------------------
  clock REF_CLK (rise edge)                               0.00       0.00
  clock network delay (ideal)                             0.00       0.00
  input external delay                                    0.00       0.00 r
  U1_RST_SYNC/sync_reg_reg[0]/CK (DFFRQX2M)               0.00       0.00 r
  U1_RST_SYNC/sync_reg_reg[0]/Q (DFFRQX2M)                0.46       0.46 f
  U1_RST_SYNC/sync_reg_reg[1]/D (DFFRQX2M)                0.00       0.46 f
  data arrival time                                                  0.46

  clock REF_CLK (rise edge)                               0.00       0.00
  clock network delay (ideal)                             0.00       0.00
  clock uncertainty                                       0.10       0.10
  U1_RST_SYNC/sync_reg_reg[1]/CK (DFFRQX2M)               0.00       0.10 r
  library hold time                                      -0.02       0.08
  data required time                                                 0.08
  --------------------------------------------------------------------------
  data required time                                                 0.08
  data arrival time                                                 -0.46
  --------------------------------------------------------------------------
  slack (MET)                                                        0.38


  Startpoint: U0_RST_SYNC/sync_reg_reg[0]/CK
              (internal path startpoint clocked by UART_CLK)
  Endpoint: U0_RST_SYNC/sync_reg_reg[1]
            (rising edge-triggered flip-flop clocked by UART_CLK)
  Path Group: UART_CLK
  Path Type: min

  Point                                                   Incr       Path
  --------------------------------------------------------------------------
  clock UART_CLK (rise edge)                              0.00       0.00
  clock network delay (ideal)                             0.00       0.00
  input external delay                                    0.00       0.00 r
  U0_RST_SYNC/sync_reg_reg[0]/CK (DFFRQX2M)               0.00       0.00 r
  U0_RST_SYNC/sync_reg_reg[0]/Q (DFFRQX2M)                0.46       0.46 f
  U0_RST_SYNC/sync_reg_reg[1]/D (DFFRQX2M)                0.00       0.46 f
  data arrival time                                                  0.46

  clock UART_CLK (rise edge)                              0.00       0.00
  clock network delay (ideal)                             0.00       0.00
  clock uncertainty                                       0.10       0.10
  U0_RST_SYNC/sync_reg_reg[1]/CK (DFFRQX2M)               0.00       0.10 r
  library hold time                                      -0.02       0.08
  data required time                                                 0.08
  --------------------------------------------------------------------------
  data required time                                                 0.08
  data arrival time                                                 -0.46
  --------------------------------------------------------------------------
  slack (MET)                                                        0.38


  Startpoint: U_UART/U_UART_RX/U_deserializer/i_reg[0]
              (rising edge-triggered flip-flop clocked by UART_RX_CLK)
  Endpoint: U_UART/U_UART_RX/U_deserializer/i_reg[0]
            (rising edge-triggered flip-flop clocked by UART_RX_CLK)
  Path Group: UART_RX_CLK
  Path Type: min

  Point                                                   Incr       Path
  --------------------------------------------------------------------------
  clock UART_RX_CLK (rise edge)                           0.00       0.00
  clock network delay (ideal)                             0.00       0.00
  U_UART/U_UART_RX/U_deserializer/i_reg[0]/CK (DFFRQX2M)
                                                          0.00       0.00 r
  U_UART/U_UART_RX/U_deserializer/i_reg[0]/Q (DFFRQX2M)
                                                          0.38       0.38 r
  U_UART/U_UART_RX/U_deserializer/U13/Y (OAI22X1M)        0.08       0.46 f
  U_UART/U_UART_RX/U_deserializer/i_reg[0]/D (DFFRQX2M)
                                                          0.00       0.46 f
  data arrival time                                                  0.46

  clock UART_RX_CLK (rise edge)                           0.00       0.00
  clock network delay (ideal)                             0.00       0.00
  clock uncertainty                                       0.10       0.10
  U_UART/U_UART_RX/U_deserializer/i_reg[0]/CK (DFFRQX2M)
                                                          0.00       0.10 r
  library hold time                                      -0.02       0.08
  data required time                                                 0.08
  --------------------------------------------------------------------------
  data required time                                                 0.08
  data arrival time                                                 -0.46
  --------------------------------------------------------------------------
  slack (MET)                                                        0.38


  Startpoint: U_UART_FIFO/U_w2r/SYNC_W2R_FLOP_reg[0]
              (rising edge-triggered flip-flop clocked by UART_TX_CLK)
  Endpoint: U_UART_FIFO/U_w2r/SYNC_W_PTR_reg[0]
            (rising edge-triggered flip-flop clocked by UART_TX_CLK)
  Path Group: UART_TX_CLK
  Path Type: min

  Point                                                   Incr       Path
  --------------------------------------------------------------------------
  clock UART_TX_CLK (rise edge)                           0.00       0.00
  clock network delay (ideal)                             0.00       0.00
  U_UART_FIFO/U_w2r/SYNC_W2R_FLOP_reg[0]/CK (DFFRQX2M)
                                                          0.00       0.00 r
  U_UART_FIFO/U_w2r/SYNC_W2R_FLOP_reg[0]/Q (DFFRQX2M)     0.45       0.45 f
  U_UART_FIFO/U_w2r/SYNC_W_PTR_reg[0]/D (DFFRQX2M)        0.00       0.45 f
  data arrival time                                                  0.45

  clock UART_TX_CLK (rise edge)                           0.00       0.00
  clock network delay (ideal)                             0.00       0.00
  clock uncertainty                                       0.10       0.10
  U_UART_FIFO/U_w2r/SYNC_W_PTR_reg[0]/CK (DFFRQX2M)       0.00       0.10 r
  library hold time                                      -0.03       0.07
  data required time                                                 0.07
  --------------------------------------------------------------------------
  data required time                                                 0.07
  data arrival time                                                 -0.45
  --------------------------------------------------------------------------
  slack (MET)                                                        0.37


1
